[2025-10-24T01:03:12.709+0000] {taskinstance.py:1083} INFO - Dependencies all met for <TaskInstance: data_pipeline_dag.collect_bluebikes manual__2025-10-24T01:03:11.752846+00:00 [queued]>
[2025-10-24T01:03:12.713+0000] {taskinstance.py:1083} INFO - Dependencies all met for <TaskInstance: data_pipeline_dag.collect_bluebikes manual__2025-10-24T01:03:11.752846+00:00 [queued]>
[2025-10-24T01:03:12.713+0000] {taskinstance.py:1279} INFO - 
--------------------------------------------------------------------------------
[2025-10-24T01:03:12.713+0000] {taskinstance.py:1280} INFO - Starting attempt 1 of 1
[2025-10-24T01:03:12.713+0000] {taskinstance.py:1281} INFO - 
--------------------------------------------------------------------------------
[2025-10-24T01:03:12.719+0000] {taskinstance.py:1300} INFO - Executing <Task(PythonOperator): collect_bluebikes> on 2025-10-24 01:03:11.752846+00:00
[2025-10-24T01:03:12.721+0000] {standard_task_runner.py:55} INFO - Started process 105 to run task
[2025-10-24T01:03:12.724+0000] {standard_task_runner.py:82} INFO - Running: ['***', 'tasks', 'run', 'data_pipeline_dag', 'collect_bluebikes', 'manual__2025-10-24T01:03:11.752846+00:00', '--job-id', '18', '--raw', '--subdir', 'DAGS_FOLDER/data_pipeline_dag.py', '--cfg-path', '/tmp/tmplam9fhaz']
[2025-10-24T01:03:12.726+0000] {standard_task_runner.py:83} INFO - Job 18: Subtask collect_bluebikes
[2025-10-24T01:03:12.753+0000] {task_command.py:388} INFO - Running <TaskInstance: data_pipeline_dag.collect_bluebikes manual__2025-10-24T01:03:11.752846+00:00 [running]> on host d471b7381392
[2025-10-24T01:03:12.786+0000] {taskinstance.py:1509} INFO - Exporting the following env vars:
AIRFLOW_CTX_DAG_OWNER=***
AIRFLOW_CTX_DAG_ID=data_pipeline_dag
AIRFLOW_CTX_TASK_ID=collect_bluebikes
AIRFLOW_CTX_EXECUTION_DATE=2025-10-24T01:03:11.752846+00:00
AIRFLOW_CTX_TRY_NUMBER=1
AIRFLOW_CTX_DAG_RUN_ID=manual__2025-10-24T01:03:11.752846+00:00
[2025-10-24T01:03:12.787+0000] {logging_mixin.py:137} INFO - 
=== Year 2023 ===
[2025-10-24T01:03:14.493+0000] {logging_mixin.py:137} INFO - Downloaded: /opt/***/data/bluebikes_zips/202301-bluebikes-tripdata.zip
[2025-10-24T01:03:15.405+0000] {logging_mixin.py:137} INFO - Downloaded: /opt/***/data/bluebikes_zips/202302-bluebikes-tripdata.zip
[2025-10-24T01:03:16.396+0000] {logging_mixin.py:137} INFO - Downloaded: /opt/***/data/bluebikes_zips/202303-bluebikes-tripdata.zip
[2025-10-24T01:03:18.041+0000] {logging_mixin.py:137} INFO - Downloaded: /opt/***/data/bluebikes_zips/202304-bluebikes-tripdata.zip
[2025-10-24T01:03:19.478+0000] {logging_mixin.py:137} INFO - Downloaded: /opt/***/data/bluebikes_zips/202305-bluebikes-tripdata.zip
[2025-10-24T01:03:20.594+0000] {logging_mixin.py:137} INFO - Downloaded: /opt/***/data/bluebikes_zips/202306-bluebikes-tripdata.zip
[2025-10-24T01:03:21.983+0000] {logging_mixin.py:137} INFO - Downloaded: /opt/***/data/bluebikes_zips/202307-bluebikes-tripdata.zip
[2025-10-24T01:03:23.685+0000] {logging_mixin.py:137} INFO - Downloaded: /opt/***/data/bluebikes_zips/202308-bluebikes-tripdata.zip
[2025-10-24T01:03:24.990+0000] {logging_mixin.py:137} INFO - Downloaded: /opt/***/data/bluebikes_zips/202309-bluebikes-tripdata.zip
[2025-10-24T01:03:26.895+0000] {logging_mixin.py:137} INFO - Downloaded: /opt/***/data/bluebikes_zips/202310-bluebikes-tripdata.zip
[2025-10-24T01:03:27.999+0000] {logging_mixin.py:137} INFO - Downloaded: /opt/***/data/bluebikes_zips/202311-bluebikes-tripdata.zip
[2025-10-24T01:03:28.926+0000] {logging_mixin.py:137} INFO - Downloaded: /opt/***/data/bluebikes_zips/202312-bluebikes-tripdata.zip
[2025-10-24T01:03:28.927+0000] {logging_mixin.py:137} INFO - [2023] Downloaded 12 file(s).
[2025-10-24T01:03:28.928+0000] {logging_mixin.py:137} INFO - Reading: 202301-bluebikes-tripdata.zip
[2025-10-24T01:03:29.247+0000] {logging_mixin.py:137} INFO - Reading: 202302-bluebikes-tripdata.zip
[2025-10-24T01:03:29.522+0000] {logging_mixin.py:137} INFO - Reading: 202303-bluebikes-tripdata.zip
[2025-10-24T01:03:29.877+0000] {logging_mixin.py:137} INFO - Reading: 202304-bluebikes-tripdata.zip
[2025-10-24T01:03:30.476+0000] {logging_mixin.py:137} INFO - Reading: 202305-bluebikes-tripdata.zip
[2025-10-24T01:03:31.416+0000] {logging_mixin.py:137} INFO - Reading: 202306-bluebikes-tripdata.zip
[2025-10-24T01:03:32.358+0000] {logging_mixin.py:137} INFO - Reading: 202307-bluebikes-tripdata.zip
[2025-10-24T01:03:33.224+0000] {logging_mixin.py:137} INFO - Reading: 202308-bluebikes-tripdata.zip
[2025-10-24T01:03:34.182+0000] {logging_mixin.py:137} INFO - Reading: 202309-bluebikes-tripdata.zip
[2025-10-24T01:03:35.091+0000] {logging_mixin.py:137} INFO - Reading: 202310-bluebikes-tripdata.zip
[2025-10-24T01:03:36.018+0000] {logging_mixin.py:137} INFO - Reading: 202311-bluebikes-tripdata.zip
[2025-10-24T01:03:36.612+0000] {logging_mixin.py:137} INFO - Reading: 202312-bluebikes-tripdata.zip
[2025-10-24T01:03:37.522+0000] {logging_mixin.py:137} INFO - Combined shape for 2023: (3693196, 16)
[2025-10-24T01:03:41.735+0000] {logging_mixin.py:137} INFO - Saved: /opt/***/data/parquet/trips_2023.parquet (3,693,196 rows)
[2025-10-24T01:03:41.748+0000] {logging_mixin.py:137} INFO - Deleted 12 zip(s) from /opt/***/data/bluebikes_zips
[2025-10-24T01:03:41.979+0000] {logging_mixin.py:137} INFO - [2023] Parquet saved to: /opt/***/data/parquet/trips_2023.parquet
[2025-10-24T01:03:41.979+0000] {logging_mixin.py:137} INFO - 
=== Year 2024 ===
[2025-10-24T01:03:43.428+0000] {logging_mixin.py:137} INFO - Downloaded: /opt/***/data/bluebikes_zips/202401-bluebikes-tripdata.zip
[2025-10-24T01:03:44.425+0000] {logging_mixin.py:137} INFO - Downloaded: /opt/***/data/bluebikes_zips/202402-bluebikes-tripdata.zip
[2025-10-24T01:03:45.467+0000] {logging_mixin.py:137} INFO - Downloaded: /opt/***/data/bluebikes_zips/202403-bluebikes-tripdata.zip
[2025-10-24T01:03:46.826+0000] {logging_mixin.py:137} INFO - Downloaded: /opt/***/data/bluebikes_zips/202404-bluebikes-tripdata.zip
[2025-10-24T01:03:49.126+0000] {logging_mixin.py:137} INFO - Downloaded: /opt/***/data/bluebikes_zips/202405-bluebikes-tripdata.zip
[2025-10-24T01:03:51.056+0000] {logging_mixin.py:137} INFO - Downloaded: /opt/***/data/bluebikes_zips/202406-bluebikes-tripdata.zip
[2025-10-24T01:03:52.966+0000] {logging_mixin.py:137} INFO - Downloaded: /opt/***/data/bluebikes_zips/202407-bluebikes-tripdata.zip
[2025-10-24T01:04:03.517+0000] {logging_mixin.py:137} INFO - Downloaded: /opt/***/data/bluebikes_zips/202408-bluebikes-tripdata.zip
[2025-10-24T01:04:05.228+0000] {logging_mixin.py:137} INFO - Downloaded: /opt/***/data/bluebikes_zips/202409-bluebikes-tripdata.zip
[2025-10-24T01:04:07.055+0000] {logging_mixin.py:137} INFO - Downloaded: /opt/***/data/bluebikes_zips/202410-bluebikes-tripdata.zip
[2025-10-24T01:04:08.425+0000] {logging_mixin.py:137} INFO - Downloaded: /opt/***/data/bluebikes_zips/202411-bluebikes-tripdata.zip
[2025-10-24T01:04:09.432+0000] {logging_mixin.py:137} INFO - Downloaded: /opt/***/data/bluebikes_zips/202412-bluebikes-tripdata.zip
[2025-10-24T01:04:09.432+0000] {logging_mixin.py:137} INFO - [2024] Downloaded 12 file(s).
[2025-10-24T01:04:09.433+0000] {logging_mixin.py:137} INFO - Reading: 202401-bluebikes-tripdata.zip
[2025-10-24T01:04:09.844+0000] {logging_mixin.py:137} INFO - Reading: 202402-bluebikes-tripdata.zip
[2025-10-24T01:04:10.369+0000] {logging_mixin.py:137} INFO - Reading: 202403-bluebikes-tripdata.zip
[2025-10-24T01:04:10.970+0000] {logging_mixin.py:137} INFO - Reading: 202404-bluebikes-tripdata.zip
[2025-10-24T01:04:11.744+0000] {logging_mixin.py:137} INFO - Reading: 202405-bluebikes-tripdata.zip
[2025-10-24T01:04:12.786+0000] {logging_mixin.py:137} INFO - Reading: 202406-bluebikes-tripdata.zip
[2025-10-24T01:04:13.951+0000] {logging_mixin.py:137} INFO - Reading: 202407-bluebikes-tripdata.zip
[2025-10-24T01:04:15.355+0000] {logging_mixin.py:137} INFO - Reading: 202408-bluebikes-tripdata.zip
[2025-10-24T01:04:17.056+0000] {logging_mixin.py:137} INFO - Reading: 202409-bluebikes-tripdata.zip
[2025-10-24T01:04:18.525+0000] {logging_mixin.py:137} INFO - Reading: 202410-bluebikes-tripdata.zip
[2025-10-24T01:04:20.047+0000] {logging_mixin.py:137} INFO - Reading: 202411-bluebikes-tripdata.zip
[2025-10-24T01:04:20.980+0000] {logging_mixin.py:137} INFO - Reading: 202412-bluebikes-tripdata.zip
[2025-10-24T01:04:22.403+0000] {logging_mixin.py:137} INFO - Combined shape for 2024: (4751793, 14)
[2025-10-24T01:04:28.066+0000] {logging_mixin.py:137} INFO - Saved: /opt/***/data/parquet/trips_2024.parquet (4,751,793 rows)
[2025-10-24T01:04:28.077+0000] {logging_mixin.py:137} INFO - Deleted 12 zip(s) from /opt/***/data/bluebikes_zips
[2025-10-24T01:04:28.711+0000] {logging_mixin.py:137} INFO - [2024] Parquet saved to: /opt/***/data/parquet/trips_2024.parquet
[2025-10-24T01:04:28.712+0000] {logging_mixin.py:137} INFO - 
=== Year 2025 ===
[2025-10-24T01:04:29.986+0000] {logging_mixin.py:137} INFO - Downloaded: /opt/***/data/bluebikes_zips/202501-bluebikes-tripdata.zip
[2025-10-24T01:04:30.793+0000] {logging_mixin.py:137} INFO - Downloaded: /opt/***/data/bluebikes_zips/202502-bluebikes-tripdata.zip
[2025-10-24T01:04:31.835+0000] {logging_mixin.py:137} INFO - Downloaded: /opt/***/data/bluebikes_zips/202503-bluebikes-tripdata.zip
[2025-10-24T01:04:32.908+0000] {logging_mixin.py:137} INFO - Downloaded: /opt/***/data/bluebikes_zips/202504-bluebikes-tripdata.zip
[2025-10-24T01:04:34.299+0000] {logging_mixin.py:137} INFO - Downloaded: /opt/***/data/bluebikes_zips/202505-bluebikes-tripdata.zip
[2025-10-24T01:04:35.935+0000] {logging_mixin.py:137} INFO - Downloaded: /opt/***/data/bluebikes_zips/202506-bluebikes-tripdata.zip
[2025-10-24T01:04:37.517+0000] {logging_mixin.py:137} INFO - Downloaded: /opt/***/data/bluebikes_zips/202507-bluebikes-tripdata.zip
[2025-10-24T01:04:39.328+0000] {logging_mixin.py:137} INFO - Downloaded: /opt/***/data/bluebikes_zips/202508-bluebikes-tripdata.zip
[2025-10-24T01:04:41.344+0000] {logging_mixin.py:137} INFO - Downloaded: /opt/***/data/bluebikes_zips/202509-bluebikes-tripdata.zip
[2025-10-24T01:04:41.345+0000] {logging_mixin.py:137} INFO - [2025] Downloaded 9 file(s).
[2025-10-24T01:04:41.347+0000] {logging_mixin.py:137} INFO - Reading: 202501-bluebikes-tripdata.zip
[2025-10-24T01:04:41.807+0000] {logging_mixin.py:137} INFO - Reading: 202502-bluebikes-tripdata.zip
[2025-10-24T01:04:42.214+0000] {logging_mixin.py:137} INFO - Reading: 202503-bluebikes-tripdata.zip
[2025-10-24T01:04:42.918+0000] {logging_mixin.py:137} INFO - Reading: 202504-bluebikes-tripdata.zip
[2025-10-24T01:04:43.825+0000] {logging_mixin.py:137} INFO - Reading: 202505-bluebikes-tripdata.zip
[2025-10-24T01:04:44.906+0000] {logging_mixin.py:137} INFO - Reading: 202506-bluebikes-tripdata.zip
[2025-10-24T01:04:46.215+0000] {logging_mixin.py:137} INFO - Reading: 202507-bluebikes-tripdata.zip
[2025-10-24T01:04:47.545+0000] {logging_mixin.py:137} INFO - Reading: 202508-bluebikes-tripdata.zip
[2025-10-24T01:04:48.914+0000] {logging_mixin.py:137} INFO - Reading: 202509-bluebikes-tripdata.zip
[2025-10-24T01:04:51.509+0000] {logging_mixin.py:137} INFO - Combined shape for 2025: (3568112, 14)
[2025-10-24T01:04:54.739+0000] {logging_mixin.py:137} INFO - Saved: /opt/***/data/parquet/trips_2025.parquet (3,568,112 rows)
[2025-10-24T01:04:54.749+0000] {logging_mixin.py:137} INFO - Deleted 9 zip(s) from /opt/***/data/bluebikes_zips
[2025-10-24T01:04:54.828+0000] {logging_mixin.py:137} INFO - [2025] Parquet saved to: /opt/***/data/parquet/trips_2025.parquet
[2025-10-24T01:04:54.829+0000] {python.py:177} INFO - Done. Returned value was: None
[2025-10-24T01:04:54.849+0000] {taskinstance.py:1323} INFO - Marking task as SUCCESS. dag_id=data_pipeline_dag, task_id=collect_bluebikes, execution_date=20251024T010311, start_date=20251024T010312, end_date=20251024T010454
[2025-10-24T01:04:54.899+0000] {local_task_job.py:208} INFO - Task exited with return code 0
[2025-10-24T01:04:54.921+0000] {taskinstance.py:2578} INFO - 3 downstream tasks scheduled from follow-on schedule check
