[2025-10-24T01:11:27.998+0000] {taskinstance.py:1083} INFO - Dependencies all met for <TaskInstance: data_pipeline_dag.process_bluebikes manual__2025-10-24T01:09:41.888752+00:00 [queued]>
[2025-10-24T01:11:28.003+0000] {taskinstance.py:1083} INFO - Dependencies all met for <TaskInstance: data_pipeline_dag.process_bluebikes manual__2025-10-24T01:09:41.888752+00:00 [queued]>
[2025-10-24T01:11:28.003+0000] {taskinstance.py:1279} INFO - 
--------------------------------------------------------------------------------
[2025-10-24T01:11:28.003+0000] {taskinstance.py:1280} INFO - Starting attempt 1 of 1
[2025-10-24T01:11:28.003+0000] {taskinstance.py:1281} INFO - 
--------------------------------------------------------------------------------
[2025-10-24T01:11:28.009+0000] {taskinstance.py:1300} INFO - Executing <Task(PythonOperator): process_bluebikes> on 2025-10-24 01:09:41.888752+00:00
[2025-10-24T01:11:28.012+0000] {standard_task_runner.py:55} INFO - Started process 378 to run task
[2025-10-24T01:11:28.014+0000] {standard_task_runner.py:82} INFO - Running: ['***', 'tasks', 'run', 'data_pipeline_dag', 'process_bluebikes', 'manual__2025-10-24T01:09:41.888752+00:00', '--job-id', '29', '--raw', '--subdir', 'DAGS_FOLDER/data_pipeline_dag.py', '--cfg-path', '/tmp/tmp_bskpry_']
[2025-10-24T01:11:28.015+0000] {standard_task_runner.py:83} INFO - Job 29: Subtask process_bluebikes
[2025-10-24T01:11:28.051+0000] {task_command.py:388} INFO - Running <TaskInstance: data_pipeline_dag.process_bluebikes manual__2025-10-24T01:09:41.888752+00:00 [running]> on host 99e039d9b2d2
[2025-10-24T01:11:28.082+0000] {taskinstance.py:1509} INFO - Exporting the following env vars:
AIRFLOW_CTX_DAG_OWNER=***
AIRFLOW_CTX_DAG_ID=data_pipeline_dag
AIRFLOW_CTX_TASK_ID=process_bluebikes
AIRFLOW_CTX_EXECUTION_DATE=2025-10-24T01:09:41.888752+00:00
AIRFLOW_CTX_TRY_NUMBER=1
AIRFLOW_CTX_DAG_RUN_ID=manual__2025-10-24T01:09:41.888752+00:00
[2025-10-24T01:11:28.083+0000] {logging_mixin.py:137} INFO - Processing BlueBikes data...
[2025-10-24T01:11:28.083+0000] {python.py:177} INFO - Done. Returned value was: None
[2025-10-24T01:11:28.087+0000] {taskinstance.py:1323} INFO - Marking task as SUCCESS. dag_id=data_pipeline_dag, task_id=process_bluebikes, execution_date=20251024T010941, start_date=20251024T011127, end_date=20251024T011128
[2025-10-24T01:11:28.114+0000] {local_task_job.py:208} INFO - Task exited with return code 0
[2025-10-24T01:11:28.122+0000] {taskinstance.py:2578} INFO - 0 downstream tasks scheduled from follow-on schedule check
