[2025-10-24T01:09:43.518+0000] {taskinstance.py:1083} INFO - Dependencies all met for <TaskInstance: data_pipeline_dag.collect_noaa_weather manual__2025-10-24T01:09:41.888752+00:00 [queued]>
[2025-10-24T01:09:43.522+0000] {taskinstance.py:1083} INFO - Dependencies all met for <TaskInstance: data_pipeline_dag.collect_noaa_weather manual__2025-10-24T01:09:41.888752+00:00 [queued]>
[2025-10-24T01:09:43.522+0000] {taskinstance.py:1279} INFO - 
--------------------------------------------------------------------------------
[2025-10-24T01:09:43.522+0000] {taskinstance.py:1280} INFO - Starting attempt 1 of 1
[2025-10-24T01:09:43.522+0000] {taskinstance.py:1281} INFO - 
--------------------------------------------------------------------------------
[2025-10-24T01:09:43.528+0000] {taskinstance.py:1300} INFO - Executing <Task(PythonOperator): collect_noaa_weather> on 2025-10-24 01:09:41.888752+00:00
[2025-10-24T01:09:43.530+0000] {standard_task_runner.py:55} INFO - Started process 133 to run task
[2025-10-24T01:09:43.533+0000] {standard_task_runner.py:82} INFO - Running: ['***', 'tasks', 'run', 'data_pipeline_dag', 'collect_noaa_weather', 'manual__2025-10-24T01:09:41.888752+00:00', '--job-id', '25', '--raw', '--subdir', 'DAGS_FOLDER/data_pipeline_dag.py', '--cfg-path', '/tmp/tmp6zacgu7v']
[2025-10-24T01:09:43.534+0000] {standard_task_runner.py:83} INFO - Job 25: Subtask collect_noaa_weather
[2025-10-24T01:09:43.564+0000] {task_command.py:388} INFO - Running <TaskInstance: data_pipeline_dag.collect_noaa_weather manual__2025-10-24T01:09:41.888752+00:00 [running]> on host 99e039d9b2d2
[2025-10-24T01:09:43.786+0000] {taskinstance.py:1509} INFO - Exporting the following env vars:
AIRFLOW_CTX_DAG_OWNER=***
AIRFLOW_CTX_DAG_ID=data_pipeline_dag
AIRFLOW_CTX_TASK_ID=collect_noaa_weather
AIRFLOW_CTX_EXECUTION_DATE=2025-10-24T01:09:41.888752+00:00
AIRFLOW_CTX_TRY_NUMBER=1
AIRFLOW_CTX_DAG_RUN_ID=manual__2025-10-24T01:09:41.888752+00:00
[2025-10-24T01:09:43.787+0000] {logging_mixin.py:137} INFO - 
=== Collecting NOAA Weather data ===
[2025-10-24T01:09:43.788+0000] {logging_mixin.py:137} INFO - Failed to fetch NOAA data: NOAA_API_KEY not found in environment variables.
[2025-10-24T01:09:43.788+0000] {python.py:177} INFO - Done. Returned value was: None
[2025-10-24T01:09:43.794+0000] {taskinstance.py:1323} INFO - Marking task as SUCCESS. dag_id=data_pipeline_dag, task_id=collect_noaa_weather, execution_date=20251024T010941, start_date=20251024T010943, end_date=20251024T010943
[2025-10-24T01:09:43.835+0000] {local_task_job.py:208} INFO - Task exited with return code 0
[2025-10-24T01:09:43.847+0000] {taskinstance.py:2578} INFO - 1 downstream tasks scheduled from follow-on schedule check
