2025-10-23 21:11:14 - INFO - test - Logger initialized successfully!
2025-10-23 21:24:02 - INFO - data_loader - Loading 1 files from folder: /Users/gyuszix/GitRepos/IE7374Repo/MLProject/data_pipeline/data/raw/bluebikes
2025-10-23 21:24:02 - WARNING - data_loader - Path does not exist: /Users/gyuszix/GitRepos/IE7374Repo/MLProject/data_pipeline/data/raw/Boston_GIS
2025-10-23 21:24:02 - WARNING - data_loader - Path does not exist: /Users/gyuszix/GitRepos/IE7374Repo/MLProject/data_pipeline/data/raw/NOAA
2025-10-23 21:24:02 - INFO - data_loader - Data saved to pickle: /Users/gyuszix/GitRepos/IE7374Repo/MLProject/data_pipeline/data/processed/bluebikes/raw_data.pkl
2025-10-23 21:31:30 - INFO - test - Logger initialized successfully!
2025-10-23 21:45:06 - INFO - data_collection - 
=== Collecting Boston Colleges data ===
2025-10-23 21:45:07 - INFO - data_collection - Boston Colleges data saved successfully.
2025-10-23 22:08:04 - INFO - missing_value - Initial missing values: 5 | Shape: (4, 4)
2025-10-23 22:08:04 - INFO - missing_value - Dropped 2 rows with missing values in columns: ['duration']
2025-10-23 22:08:04 - INFO - missing_value - Filled 1 missing in 'start_station_name' with mode=A
2025-10-23 22:08:04 - INFO - missing_value - Column 'end_station_name' has no missing values. Skipping.
2025-10-23 22:08:04 - INFO - missing_value - Final missing values: 0 | Final shape: (2, 4)
2025-10-23 22:08:04 - INFO - missing_value - Data saved to ../data/processed/test_missing/cleaned.pkl
2025-10-23 22:22:21 - INFO - duplicate_data - Initial shape: (6, 3)
2025-10-23 22:22:21 - INFO - duplicate_data - Initial memory usage: 0.00 MB
2025-10-23 22:22:21 - INFO - duplicate_data - Checking for duplicates across all columns
2025-10-23 22:22:21 - INFO - duplicate_data - 
Duplicate Statistics:
2025-10-23 22:22:21 - INFO - duplicate_data - Total duplicate rows: 5
2025-10-23 22:22:21 - INFO - duplicate_data - Percentage of duplicates: 83.33%
2025-10-23 22:22:21 - INFO - duplicate_data - Dropped 3 duplicate rows
2025-10-23 22:22:21 - INFO - duplicate_data - 
Dropped duplicates with keep='first'
2025-10-23 22:22:21 - INFO - duplicate_data - 
Final shape: (3, 3)
2025-10-23 22:22:21 - INFO - duplicate_data - Rows removed: 0
2025-10-23 22:22:21 - INFO - duplicate_data - Final memory usage: 0.00 MB
2025-10-23 22:22:21 - INFO - duplicate_data - Data saved to ../data/processed/test_duplicates/cleaned.pkl.
2025-10-23 23:14:39 - INFO - data_loader - Loading 2 files from folder: /private/var/folders/pj/z9ycd8l90zxbm__60v5n24040000gn/T/pytest-of-gyuszix/pytest-0/test_load_folder0/folder
2025-10-23 23:14:39 - INFO - data_loader - Loading 1 files from folder: /private/var/folders/pj/z9ycd8l90zxbm__60v5n24040000gn/T/pytest-of-gyuszix/pytest-0/test_load_data_creates_pickle0/raw
2025-10-23 23:14:39 - INFO - data_loader - Data saved to pickle: /Users/gyuszix/GitRepos/IE7374Repo/MLProject/data_pipeline/data/processed/testset/raw_data.pkl
