[2025-10-24T01:09:43.515+0000] {taskinstance.py:1083} INFO - Dependencies all met for <TaskInstance: data_pipeline_dag.collect_bluebikes manual__2025-10-24T01:09:41.888752+00:00 [queued]>
[2025-10-24T01:09:43.521+0000] {taskinstance.py:1083} INFO - Dependencies all met for <TaskInstance: data_pipeline_dag.collect_bluebikes manual__2025-10-24T01:09:41.888752+00:00 [queued]>
[2025-10-24T01:09:43.521+0000] {taskinstance.py:1279} INFO - 
--------------------------------------------------------------------------------
[2025-10-24T01:09:43.521+0000] {taskinstance.py:1280} INFO - Starting attempt 1 of 1
[2025-10-24T01:09:43.521+0000] {taskinstance.py:1281} INFO - 
--------------------------------------------------------------------------------
[2025-10-24T01:09:43.528+0000] {taskinstance.py:1300} INFO - Executing <Task(PythonOperator): collect_bluebikes> on 2025-10-24 01:09:41.888752+00:00
[2025-10-24T01:09:43.530+0000] {standard_task_runner.py:55} INFO - Started process 132 to run task
[2025-10-24T01:09:43.533+0000] {standard_task_runner.py:82} INFO - Running: ['***', 'tasks', 'run', 'data_pipeline_dag', 'collect_bluebikes', 'manual__2025-10-24T01:09:41.888752+00:00', '--job-id', '24', '--raw', '--subdir', 'DAGS_FOLDER/data_pipeline_dag.py', '--cfg-path', '/tmp/tmpbewmnwr6']
[2025-10-24T01:09:43.534+0000] {standard_task_runner.py:83} INFO - Job 24: Subtask collect_bluebikes
[2025-10-24T01:09:43.564+0000] {task_command.py:388} INFO - Running <TaskInstance: data_pipeline_dag.collect_bluebikes manual__2025-10-24T01:09:41.888752+00:00 [running]> on host 99e039d9b2d2
[2025-10-24T01:09:43.598+0000] {taskinstance.py:1509} INFO - Exporting the following env vars:
AIRFLOW_CTX_DAG_OWNER=***
AIRFLOW_CTX_DAG_ID=data_pipeline_dag
AIRFLOW_CTX_TASK_ID=collect_bluebikes
AIRFLOW_CTX_EXECUTION_DATE=2025-10-24T01:09:41.888752+00:00
AIRFLOW_CTX_TRY_NUMBER=1
AIRFLOW_CTX_DAG_RUN_ID=manual__2025-10-24T01:09:41.888752+00:00
[2025-10-24T01:09:43.599+0000] {logging_mixin.py:137} INFO - 
=== Year 2023 ===
[2025-10-24T01:09:44.827+0000] {logging_mixin.py:137} INFO - Downloaded: /opt/***/data/bluebikes_zips/202301-bluebikes-tripdata.zip
[2025-10-24T01:09:45.492+0000] {logging_mixin.py:137} INFO - Downloaded: /opt/***/data/bluebikes_zips/202302-bluebikes-tripdata.zip
[2025-10-24T01:09:46.305+0000] {logging_mixin.py:137} INFO - Downloaded: /opt/***/data/bluebikes_zips/202303-bluebikes-tripdata.zip
[2025-10-24T01:09:47.261+0000] {logging_mixin.py:137} INFO - Downloaded: /opt/***/data/bluebikes_zips/202304-bluebikes-tripdata.zip
[2025-10-24T01:09:48.335+0000] {logging_mixin.py:137} INFO - Downloaded: /opt/***/data/bluebikes_zips/202305-bluebikes-tripdata.zip
[2025-10-24T01:09:50.393+0000] {logging_mixin.py:137} INFO - Downloaded: /opt/***/data/bluebikes_zips/202306-bluebikes-tripdata.zip
[2025-10-24T01:09:51.608+0000] {logging_mixin.py:137} INFO - Downloaded: /opt/***/data/bluebikes_zips/202307-bluebikes-tripdata.zip
[2025-10-24T01:09:53.296+0000] {logging_mixin.py:137} INFO - Downloaded: /opt/***/data/bluebikes_zips/202308-bluebikes-tripdata.zip
[2025-10-24T01:09:54.911+0000] {logging_mixin.py:137} INFO - Downloaded: /opt/***/data/bluebikes_zips/202309-bluebikes-tripdata.zip
[2025-10-24T01:09:58.312+0000] {logging_mixin.py:137} INFO - Downloaded: /opt/***/data/bluebikes_zips/202310-bluebikes-tripdata.zip
[2025-10-24T01:09:59.343+0000] {logging_mixin.py:137} INFO - Downloaded: /opt/***/data/bluebikes_zips/202311-bluebikes-tripdata.zip
[2025-10-24T01:10:00.060+0000] {logging_mixin.py:137} INFO - Downloaded: /opt/***/data/bluebikes_zips/202312-bluebikes-tripdata.zip
[2025-10-24T01:10:00.061+0000] {logging_mixin.py:137} INFO - [2023] Downloaded 12 file(s).
[2025-10-24T01:10:00.061+0000] {logging_mixin.py:137} INFO - Reading: 202301-bluebikes-tripdata.zip
[2025-10-24T01:10:00.382+0000] {logging_mixin.py:137} INFO - Reading: 202302-bluebikes-tripdata.zip
[2025-10-24T01:10:00.670+0000] {logging_mixin.py:137} INFO - Reading: 202303-bluebikes-tripdata.zip
[2025-10-24T01:10:01.047+0000] {logging_mixin.py:137} INFO - Reading: 202304-bluebikes-tripdata.zip
[2025-10-24T01:10:01.645+0000] {logging_mixin.py:137} INFO - Reading: 202305-bluebikes-tripdata.zip
[2025-10-24T01:10:02.435+0000] {logging_mixin.py:137} INFO - Reading: 202306-bluebikes-tripdata.zip
[2025-10-24T01:10:03.187+0000] {logging_mixin.py:137} INFO - Reading: 202307-bluebikes-tripdata.zip
[2025-10-24T01:10:04.078+0000] {logging_mixin.py:137} INFO - Reading: 202308-bluebikes-tripdata.zip
[2025-10-24T01:10:05.052+0000] {logging_mixin.py:137} INFO - Reading: 202309-bluebikes-tripdata.zip
[2025-10-24T01:10:06.005+0000] {logging_mixin.py:137} INFO - Reading: 202310-bluebikes-tripdata.zip
[2025-10-24T01:10:07.265+0000] {logging_mixin.py:137} INFO - Reading: 202311-bluebikes-tripdata.zip
[2025-10-24T01:10:07.855+0000] {logging_mixin.py:137} INFO - Reading: 202312-bluebikes-tripdata.zip
[2025-10-24T01:10:08.716+0000] {logging_mixin.py:137} INFO - Combined shape for 2023: (3693196, 16)
[2025-10-24T01:10:12.371+0000] {logging_mixin.py:137} INFO - Saved: /opt/***/data/parquet/trips_2023.parquet (3,693,196 rows)
[2025-10-24T01:10:12.380+0000] {logging_mixin.py:137} INFO - Deleted 12 zip(s) from /opt/***/data/bluebikes_zips
[2025-10-24T01:10:12.452+0000] {logging_mixin.py:137} INFO - [2023] Parquet saved to: /opt/***/data/parquet/trips_2023.parquet
[2025-10-24T01:10:12.452+0000] {logging_mixin.py:137} INFO - 
=== Year 2024 ===
[2025-10-24T01:10:13.608+0000] {logging_mixin.py:137} INFO - Downloaded: /opt/***/data/bluebikes_zips/202401-bluebikes-tripdata.zip
[2025-10-24T01:10:16.280+0000] {logging_mixin.py:137} INFO - Downloaded: /opt/***/data/bluebikes_zips/202402-bluebikes-tripdata.zip
[2025-10-24T01:10:17.724+0000] {logging_mixin.py:137} INFO - Downloaded: /opt/***/data/bluebikes_zips/202403-bluebikes-tripdata.zip
[2025-10-24T01:10:18.930+0000] {logging_mixin.py:137} INFO - Downloaded: /opt/***/data/bluebikes_zips/202404-bluebikes-tripdata.zip
[2025-10-24T01:10:20.277+0000] {logging_mixin.py:137} INFO - Downloaded: /opt/***/data/bluebikes_zips/202405-bluebikes-tripdata.zip
[2025-10-24T01:10:21.667+0000] {logging_mixin.py:137} INFO - Downloaded: /opt/***/data/bluebikes_zips/202406-bluebikes-tripdata.zip
[2025-10-24T01:10:23.459+0000] {logging_mixin.py:137} INFO - Downloaded: /opt/***/data/bluebikes_zips/202407-bluebikes-tripdata.zip
[2025-10-24T01:10:25.732+0000] {logging_mixin.py:137} INFO - Downloaded: /opt/***/data/bluebikes_zips/202408-bluebikes-tripdata.zip
[2025-10-24T01:10:27.217+0000] {logging_mixin.py:137} INFO - Downloaded: /opt/***/data/bluebikes_zips/202409-bluebikes-tripdata.zip
[2025-10-24T01:10:37.277+0000] {logging_mixin.py:137} INFO - Downloaded: /opt/***/data/bluebikes_zips/202410-bluebikes-tripdata.zip
[2025-10-24T01:10:38.581+0000] {logging_mixin.py:137} INFO - Downloaded: /opt/***/data/bluebikes_zips/202411-bluebikes-tripdata.zip
[2025-10-24T01:10:39.373+0000] {logging_mixin.py:137} INFO - Downloaded: /opt/***/data/bluebikes_zips/202412-bluebikes-tripdata.zip
[2025-10-24T01:10:39.373+0000] {logging_mixin.py:137} INFO - [2024] Downloaded 12 file(s).
[2025-10-24T01:10:39.374+0000] {logging_mixin.py:137} INFO - Reading: 202401-bluebikes-tripdata.zip
[2025-10-24T01:10:39.857+0000] {logging_mixin.py:137} INFO - Reading: 202402-bluebikes-tripdata.zip
[2025-10-24T01:10:40.481+0000] {logging_mixin.py:137} INFO - Reading: 202403-bluebikes-tripdata.zip
[2025-10-24T01:10:41.126+0000] {logging_mixin.py:137} INFO - Reading: 202404-bluebikes-tripdata.zip
[2025-10-24T01:10:41.895+0000] {logging_mixin.py:137} INFO - Reading: 202405-bluebikes-tripdata.zip
[2025-10-24T01:10:42.983+0000] {logging_mixin.py:137} INFO - Reading: 202406-bluebikes-tripdata.zip
[2025-10-24T01:10:44.135+0000] {logging_mixin.py:137} INFO - Reading: 202407-bluebikes-tripdata.zip
[2025-10-24T01:10:45.457+0000] {logging_mixin.py:137} INFO - Reading: 202408-bluebikes-tripdata.zip
[2025-10-24T01:10:46.783+0000] {logging_mixin.py:137} INFO - Reading: 202409-bluebikes-tripdata.zip
[2025-10-24T01:10:48.126+0000] {logging_mixin.py:137} INFO - Reading: 202410-bluebikes-tripdata.zip
[2025-10-24T01:10:49.599+0000] {logging_mixin.py:137} INFO - Reading: 202411-bluebikes-tripdata.zip
[2025-10-24T01:10:50.633+0000] {logging_mixin.py:137} INFO - Reading: 202412-bluebikes-tripdata.zip
[2025-10-24T01:10:51.605+0000] {logging_mixin.py:137} INFO - Combined shape for 2024: (4751793, 14)
[2025-10-24T01:10:55.945+0000] {logging_mixin.py:137} INFO - Saved: /opt/***/data/parquet/trips_2024.parquet (4,751,793 rows)
[2025-10-24T01:10:55.949+0000] {logging_mixin.py:137} INFO - Deleted 12 zip(s) from /opt/***/data/bluebikes_zips
[2025-10-24T01:10:56.044+0000] {logging_mixin.py:137} INFO - [2024] Parquet saved to: /opt/***/data/parquet/trips_2024.parquet
[2025-10-24T01:10:56.045+0000] {logging_mixin.py:137} INFO - 
=== Year 2025 ===
[2025-10-24T01:10:57.639+0000] {logging_mixin.py:137} INFO - Downloaded: /opt/***/data/bluebikes_zips/202501-bluebikes-tripdata.zip
[2025-10-24T01:10:58.716+0000] {logging_mixin.py:137} INFO - Downloaded: /opt/***/data/bluebikes_zips/202502-bluebikes-tripdata.zip
[2025-10-24T01:11:01.944+0000] {logging_mixin.py:137} INFO - Downloaded: /opt/***/data/bluebikes_zips/202503-bluebikes-tripdata.zip
[2025-10-24T01:11:03.614+0000] {logging_mixin.py:137} INFO - Downloaded: /opt/***/data/bluebikes_zips/202504-bluebikes-tripdata.zip
[2025-10-24T01:11:05.067+0000] {logging_mixin.py:137} INFO - Downloaded: /opt/***/data/bluebikes_zips/202505-bluebikes-tripdata.zip
[2025-10-24T01:11:06.711+0000] {logging_mixin.py:137} INFO - Downloaded: /opt/***/data/bluebikes_zips/202506-bluebikes-tripdata.zip
[2025-10-24T01:11:08.655+0000] {logging_mixin.py:137} INFO - Downloaded: /opt/***/data/bluebikes_zips/202507-bluebikes-tripdata.zip
[2025-10-24T01:11:11.653+0000] {logging_mixin.py:137} INFO - Downloaded: /opt/***/data/bluebikes_zips/202508-bluebikes-tripdata.zip
[2025-10-24T01:11:14.368+0000] {logging_mixin.py:137} INFO - Downloaded: /opt/***/data/bluebikes_zips/202509-bluebikes-tripdata.zip
[2025-10-24T01:11:14.368+0000] {logging_mixin.py:137} INFO - [2025] Downloaded 9 file(s).
[2025-10-24T01:11:14.369+0000] {logging_mixin.py:137} INFO - Reading: 202501-bluebikes-tripdata.zip
[2025-10-24T01:11:14.762+0000] {logging_mixin.py:137} INFO - Reading: 202502-bluebikes-tripdata.zip
[2025-10-24T01:11:15.113+0000] {logging_mixin.py:137} INFO - Reading: 202503-bluebikes-tripdata.zip
[2025-10-24T01:11:15.789+0000] {logging_mixin.py:137} INFO - Reading: 202504-bluebikes-tripdata.zip
[2025-10-24T01:11:16.660+0000] {logging_mixin.py:137} INFO - Reading: 202505-bluebikes-tripdata.zip
[2025-10-24T01:11:17.850+0000] {logging_mixin.py:137} INFO - Reading: 202506-bluebikes-tripdata.zip
[2025-10-24T01:11:19.100+0000] {logging_mixin.py:137} INFO - Reading: 202507-bluebikes-tripdata.zip
[2025-10-24T01:11:20.404+0000] {logging_mixin.py:137} INFO - Reading: 202508-bluebikes-tripdata.zip
[2025-10-24T01:11:21.710+0000] {logging_mixin.py:137} INFO - Reading: 202509-bluebikes-tripdata.zip
[2025-10-24T01:11:23.968+0000] {logging_mixin.py:137} INFO - Combined shape for 2025: (3568112, 14)
[2025-10-24T01:11:27.248+0000] {logging_mixin.py:137} INFO - Saved: /opt/***/data/parquet/trips_2025.parquet (3,568,112 rows)
[2025-10-24T01:11:27.258+0000] {logging_mixin.py:137} INFO - Deleted 9 zip(s) from /opt/***/data/bluebikes_zips
[2025-10-24T01:11:27.351+0000] {logging_mixin.py:137} INFO - [2025] Parquet saved to: /opt/***/data/parquet/trips_2025.parquet
[2025-10-24T01:11:27.353+0000] {python.py:177} INFO - Done. Returned value was: None
[2025-10-24T01:11:27.373+0000] {taskinstance.py:1323} INFO - Marking task as SUCCESS. dag_id=data_pipeline_dag, task_id=collect_bluebikes, execution_date=20251024T010941, start_date=20251024T010943, end_date=20251024T011127
[2025-10-24T01:11:27.466+0000] {local_task_job.py:208} INFO - Task exited with return code 0
[2025-10-24T01:11:27.482+0000] {taskinstance.py:2578} INFO - 1 downstream tasks scheduled from follow-on schedule check
